{"C:\\Users\\Adriano\\Desktop\\Adri\\DEV\\r-argentina-programa\\POKEDEX\\src\\api.js": {"path":"C:\\Users\\Adriano\\Desktop\\Adri\\DEV\\r-argentina-programa\\POKEDEX\\src\\api.js","statementMap":{"0":{"start":{"line":1,"column":24},"end":{"line":9,"column":1}},"1":{"start":{"line":2,"column":2},"end":{"line":8,"column":3}},"2":{"start":{"line":3,"column":4},"end":{"line":5,"column":44}},"3":{"start":{"line":4,"column":26},"end":{"line":4,"column":41}},"4":{"start":{"line":5,"column":30},"end":{"line":5,"column":42}},"5":{"start":{"line":7,"column":4},"end":{"line":7,"column":25}},"6":{"start":{"line":11,"column":30},"end":{"line":17,"column":1}},"7":{"start":{"line":12,"column":2},"end":{"line":16,"column":3}},"8":{"start":{"line":13,"column":4},"end":{"line":13,"column":142}},"9":{"start":{"line":13,"column":88},"end":{"line":13,"column":103}},"10":{"start":{"line":13,"column":128},"end":{"line":13,"column":140}},"11":{"start":{"line":15,"column":4},"end":{"line":15,"column":25}}},"fnMap":{"0":{"name":"(anonymous_0)","decl":{"start":{"line":1,"column":24},"end":{"line":1,"column":25}},"loc":{"start":{"line":1,"column":41},"end":{"line":9,"column":1}},"line":1},"1":{"name":"(anonymous_1)","decl":{"start":{"line":4,"column":12},"end":{"line":4,"column":13}},"loc":{"start":{"line":4,"column":26},"end":{"line":4,"column":41}},"line":4},"2":{"name":"(anonymous_2)","decl":{"start":{"line":5,"column":12},"end":{"line":5,"column":13}},"loc":{"start":{"line":5,"column":30},"end":{"line":5,"column":42}},"line":5},"3":{"name":"(anonymous_3)","decl":{"start":{"line":11,"column":30},"end":{"line":11,"column":31}},"loc":{"start":{"line":11,"column":47},"end":{"line":17,"column":1}},"line":11},"4":{"name":"(anonymous_4)","decl":{"start":{"line":13,"column":74},"end":{"line":13,"column":75}},"loc":{"start":{"line":13,"column":88},"end":{"line":13,"column":103}},"line":13},"5":{"name":"(anonymous_5)","decl":{"start":{"line":13,"column":110},"end":{"line":13,"column":111}},"loc":{"start":{"line":13,"column":128},"end":{"line":13,"column":140}},"line":13}},"branchMap":{},"s":{"0":1,"1":0,"2":0,"3":0,"4":0,"5":0,"6":1,"7":0,"8":0,"9":0,"10":0,"11":0},"f":{"0":0,"1":0,"2":0,"3":0,"4":0,"5":0},"b":{},"_coverageSchema":"1a1c01bbd47fc00a2c39e90264f33305004495a9","hash":"fe72a62f58ebca7f61e07caba4580c51ed78fc81"}
,"C:\\Users\\Adriano\\Desktop\\Adri\\DEV\\r-argentina-programa\\POKEDEX\\src\\helper.js": {"path":"C:\\Users\\Adriano\\Desktop\\Adri\\DEV\\r-argentina-programa\\POKEDEX\\src\\helper.js","statementMap":{"0":{"start":{"line":4,"column":19},"end":{"line":4,"column":20}},"1":{"start":{"line":5,"column":20},"end":{"line":5,"column":21}},"2":{"start":{"line":6,"column":25},"end":{"line":6,"column":27}},"3":{"start":{"line":7,"column":19},"end":{"line":7,"column":24}},"4":{"start":{"line":9,"column":33},"end":{"line":21,"column":1}},"5":{"start":{"line":10,"column":2},"end":{"line":10,"column":46}},"6":{"start":{"line":11,"column":2},"end":{"line":19,"column":3}},"7":{"start":{"line":11,"column":15},"end":{"line":11,"column":16}},"8":{"start":{"line":12,"column":17},"end":{"line":12,"column":49}},"9":{"start":{"line":13,"column":18},"end":{"line":13,"column":33}},"10":{"start":{"line":14,"column":4},"end":{"line":18,"column":5}},"11":{"start":{"line":15,"column":6},"end":{"line":15,"column":60}},"12":{"start":{"line":17,"column":6},"end":{"line":17,"column":73}},"13":{"start":{"line":20,"column":2},"end":{"line":20,"column":22}},"14":{"start":{"line":23,"column":40},"end":{"line":30,"column":1}},"15":{"start":{"line":24,"column":2},"end":{"line":28,"column":3}},"16":{"start":{"line":25,"column":4},"end":{"line":25,"column":22}},"17":{"start":{"line":26,"column":4},"end":{"line":26,"column":24}},"18":{"start":{"line":27,"column":4},"end":{"line":27,"column":25}},"19":{"start":{"line":29,"column":2},"end":{"line":29,"column":15}},"20":{"start":{"line":32,"column":40},"end":{"line":39,"column":1}},"21":{"start":{"line":33,"column":2},"end":{"line":37,"column":3}},"22":{"start":{"line":34,"column":4},"end":{"line":34,"column":22}},"23":{"start":{"line":35,"column":4},"end":{"line":35,"column":24}},"24":{"start":{"line":36,"column":4},"end":{"line":36,"column":25}},"25":{"start":{"line":38,"column":2},"end":{"line":38,"column":15}},"26":{"start":{"line":41,"column":24},"end":{"line":41,"column":26}},"27":{"start":{"line":43,"column":37},"end":{"line":51,"column":1}},"28":{"start":{"line":44,"column":23},"end":{"line":44,"column":60}},"29":{"start":{"line":45,"column":2},"end":{"line":48,"column":3}},"30":{"start":{"line":46,"column":4},"end":{"line":46,"column":38}},"31":{"start":{"line":47,"column":4},"end":{"line":47,"column":17}},"32":{"start":{"line":48,"column":4},"end":{"line":50,"column":3}},"33":{"start":{"line":49,"column":4},"end":{"line":49,"column":16}}},"fnMap":{"0":{"name":"(anonymous_0)","decl":{"start":{"line":9,"column":33},"end":{"line":9,"column":34}},"loc":{"start":{"line":9,"column":56},"end":{"line":21,"column":1}},"line":9},"1":{"name":"(anonymous_1)","decl":{"start":{"line":23,"column":40},"end":{"line":23,"column":41}},"loc":{"start":{"line":23,"column":46},"end":{"line":30,"column":1}},"line":23},"2":{"name":"(anonymous_2)","decl":{"start":{"line":32,"column":40},"end":{"line":32,"column":41}},"loc":{"start":{"line":32,"column":46},"end":{"line":39,"column":1}},"line":32},"3":{"name":"(anonymous_3)","decl":{"start":{"line":43,"column":37},"end":{"line":43,"column":38}},"loc":{"start":{"line":43,"column":54},"end":{"line":51,"column":1}},"line":43}},"branchMap":{"0":{"loc":{"start":{"line":14,"column":4},"end":{"line":18,"column":5}},"type":"if","locations":[{"start":{"line":14,"column":4},"end":{"line":18,"column":5}},{"start":{"line":14,"column":4},"end":{"line":18,"column":5}}],"line":14},"1":{"loc":{"start":{"line":24,"column":2},"end":{"line":28,"column":3}},"type":"if","locations":[{"start":{"line":24,"column":2},"end":{"line":28,"column":3}},{"start":{"line":24,"column":2},"end":{"line":28,"column":3}}],"line":24},"2":{"loc":{"start":{"line":24,"column":6},"end":{"line":24,"column":58}},"type":"binary-expr","locations":[{"start":{"line":24,"column":6},"end":{"line":24,"column":37}},{"start":{"line":24,"column":41},"end":{"line":24,"column":58}}],"line":24},"3":{"loc":{"start":{"line":33,"column":2},"end":{"line":37,"column":3}},"type":"if","locations":[{"start":{"line":33,"column":2},"end":{"line":37,"column":3}},{"start":{"line":33,"column":2},"end":{"line":37,"column":3}}],"line":33},"4":{"loc":{"start":{"line":45,"column":2},"end":{"line":48,"column":3}},"type":"if","locations":[{"start":{"line":45,"column":2},"end":{"line":48,"column":3}},{"start":{"line":45,"column":2},"end":{"line":48,"column":3}}],"line":45},"5":{"loc":{"start":{"line":48,"column":4},"end":{"line":50,"column":3}},"type":"if","locations":[{"start":{"line":48,"column":4},"end":{"line":50,"column":3}},{"start":{"line":48,"column":4},"end":{"line":50,"column":3}}],"line":48}},"s":{"0":1,"1":1,"2":1,"3":1,"4":1,"5":0,"6":0,"7":0,"8":0,"9":0,"10":0,"11":0,"12":0,"13":0,"14":1,"15":0,"16":0,"17":0,"18":0,"19":0,"20":1,"21":0,"22":0,"23":0,"24":0,"25":0,"26":1,"27":1,"28":0,"29":0,"30":0,"31":0,"32":0,"33":0},"f":{"0":0,"1":0,"2":0,"3":0},"b":{"0":[0,0],"1":[0,0],"2":[0,0],"3":[0,0],"4":[0,0],"5":[0,0]},"_coverageSchema":"1a1c01bbd47fc00a2c39e90264f33305004495a9","hash":"c0773cd51ccd705e11dd1e920d552ffd42ded232"}
,"C:\\Users\\Adriano\\Desktop\\Adri\\DEV\\r-argentina-programa\\POKEDEX\\src\\ui\\ui.js": {"path":"C:\\Users\\Adriano\\Desktop\\Adri\\DEV\\r-argentina-programa\\POKEDEX\\src\\ui\\ui.js","statementMap":{"0":{"start":{"line":6,"column":27},"end":{"line":24,"column":1}},"1":{"start":{"line":7,"column":29},"end":{"line":7,"column":74}},"2":{"start":{"line":8,"column":21},"end":{"line":10,"column":8}},"3":{"start":{"line":11,"column":21},"end":{"line":11,"column":50}},"4":{"start":{"line":12,"column":22},"end":{"line":12,"column":51}},"5":{"start":{"line":13,"column":32},"end":{"line":13,"column":59}},"6":{"start":{"line":14,"column":2},"end":{"line":14,"column":42}},"7":{"start":{"line":15,"column":2},"end":{"line":15,"column":39}},"8":{"start":{"line":16,"column":2},"end":{"line":16,"column":50}},"9":{"start":{"line":18,"column":2},"end":{"line":18,"column":31}},"10":{"start":{"line":19,"column":2},"end":{"line":19,"column":50}},"11":{"start":{"line":20,"column":2},"end":{"line":20,"column":38}},"12":{"start":{"line":21,"column":2},"end":{"line":21,"column":48}},"13":{"start":{"line":22,"column":2},"end":{"line":22,"column":39}},"14":{"start":{"line":23,"column":2},"end":{"line":23,"column":47}},"15":{"start":{"line":26,"column":30},"end":{"line":43,"column":1}},"16":{"start":{"line":27,"column":20},"end":{"line":27,"column":49}},"17":{"start":{"line":28,"column":2},"end":{"line":28,"column":40}},"18":{"start":{"line":29,"column":2},"end":{"line":29,"column":30}},"19":{"start":{"line":30,"column":2},"end":{"line":30,"column":38}},"20":{"start":{"line":31,"column":25},"end":{"line":31,"column":52}},"21":{"start":{"line":32,"column":28},"end":{"line":32,"column":55}},"22":{"start":{"line":33,"column":27},"end":{"line":33,"column":54}},"23":{"start":{"line":34,"column":27},"end":{"line":34,"column":54}},"24":{"start":{"line":35,"column":2},"end":{"line":35,"column":36}},"25":{"start":{"line":36,"column":2},"end":{"line":36,"column":42}},"26":{"start":{"line":37,"column":2},"end":{"line":37,"column":40}},"27":{"start":{"line":38,"column":2},"end":{"line":38,"column":40}},"28":{"start":{"line":39,"column":2},"end":{"line":39,"column":40}},"29":{"start":{"line":40,"column":2},"end":{"line":40,"column":43}},"30":{"start":{"line":41,"column":2},"end":{"line":41,"column":42}},"31":{"start":{"line":42,"column":2},"end":{"line":42,"column":42}},"32":{"start":{"line":45,"column":26},"end":{"line":55,"column":1}},"33":{"start":{"line":46,"column":19},"end":{"line":46,"column":54}},"34":{"start":{"line":48,"column":2},"end":{"line":54,"column":5}},"35":{"start":{"line":49,"column":26},"end":{"line":49,"column":52}},"36":{"start":{"line":50,"column":4},"end":{"line":52,"column":5}},"37":{"start":{"line":51,"column":6},"end":{"line":51,"column":33}},"38":{"start":{"line":53,"column":4},"end":{"line":53,"column":17}},"39":{"start":{"line":57,"column":26},"end":{"line":67,"column":1}},"40":{"start":{"line":58,"column":19},"end":{"line":58,"column":54}},"41":{"start":{"line":60,"column":2},"end":{"line":66,"column":5}},"42":{"start":{"line":61,"column":26},"end":{"line":61,"column":52}},"43":{"start":{"line":62,"column":4},"end":{"line":64,"column":5}},"44":{"start":{"line":63,"column":6},"end":{"line":63,"column":33}},"45":{"start":{"line":65,"column":4},"end":{"line":65,"column":17}},"46":{"start":{"line":70,"column":23},"end":{"line":70,"column":28}},"47":{"start":{"line":71,"column":22},"end":{"line":71,"column":60}},"48":{"start":{"line":72,"column":23},"end":{"line":72,"column":52}},"49":{"start":{"line":73,"column":2},"end":{"line":73,"column":57}},"50":{"start":{"line":74,"column":2},"end":{"line":74,"column":32}},"51":{"start":{"line":75,"column":2},"end":{"line":75,"column":75}},"52":{"start":{"line":76,"column":2},"end":{"line":76,"column":52}},"53":{"start":{"line":79,"column":27},"end":{"line":91,"column":2}},"54":{"start":{"line":80,"column":31},"end":{"line":80,"column":68}},"55":{"start":{"line":81,"column":2},"end":{"line":90,"column":5}},"56":{"start":{"line":82,"column":24},"end":{"line":82,"column":32}},"57":{"start":{"line":83,"column":4},"end":{"line":89,"column":5}},"58":{"start":{"line":84,"column":6},"end":{"line":84,"column":43}},"59":{"start":{"line":85,"column":6},"end":{"line":85,"column":43}},"60":{"start":{"line":86,"column":11},"end":{"line":89,"column":5}},"61":{"start":{"line":87,"column":6},"end":{"line":87,"column":43}},"62":{"start":{"line":88,"column":6},"end":{"line":88,"column":43}},"63":{"start":{"line":93,"column":34},"end":{"line":106,"column":1}},"64":{"start":{"line":94,"column":22},"end":{"line":94,"column":60}},"65":{"start":{"line":95,"column":23},"end":{"line":95,"column":80}},"66":{"start":{"line":96,"column":22},"end":{"line":96,"column":62}},"67":{"start":{"line":97,"column":23},"end":{"line":97,"column":64}},"68":{"start":{"line":98,"column":2},"end":{"line":102,"column":9}},"69":{"start":{"line":103,"column":2},"end":{"line":103,"column":55}},"70":{"start":{"line":105,"column":2},"end":{"line":105,"column":46}},"71":{"start":{"line":108,"column":31},"end":{"line":124,"column":1}},"72":{"start":{"line":109,"column":20},"end":{"line":109,"column":39}},"73":{"start":{"line":110,"column":16},"end":{"line":110,"column":28}},"74":{"start":{"line":111,"column":22},"end":{"line":111,"column":38}},"75":{"start":{"line":112,"column":25},"end":{"line":112,"column":62}},"76":{"start":{"line":113,"column":24},"end":{"line":113,"column":42}},"77":{"start":{"line":114,"column":24},"end":{"line":114,"column":42}},"78":{"start":{"line":115,"column":16},"end":{"line":115,"column":50}},"79":{"start":{"line":116,"column":19},"end":{"line":116,"column":56}},"80":{"start":{"line":117,"column":18},"end":{"line":117,"column":54}},"81":{"start":{"line":118,"column":18},"end":{"line":118,"column":54}},"82":{"start":{"line":120,"column":2},"end":{"line":120,"column":52}},"83":{"start":{"line":121,"column":2},"end":{"line":121,"column":61}},"84":{"start":{"line":122,"column":2},"end":{"line":122,"column":58}},"85":{"start":{"line":123,"column":2},"end":{"line":123,"column":58}},"86":{"start":{"line":126,"column":24},"end":{"line":128,"column":1}},"87":{"start":{"line":127,"column":2},"end":{"line":127,"column":36}},"88":{"start":{"line":130,"column":23},"end":{"line":130,"column":58}},"89":{"start":{"line":132,"column":31},"end":{"line":143,"column":1}},"90":{"start":{"line":133,"column":2},"end":{"line":142,"column":5}},"91":{"start":{"line":134,"column":18},"end":{"line":134,"column":37}},"92":{"start":{"line":135,"column":24},"end":{"line":135,"column":32}},"93":{"start":{"line":136,"column":4},"end":{"line":141,"column":5}},"94":{"start":{"line":137,"column":6},"end":{"line":137,"column":64}},"95":{"start":{"line":138,"column":6},"end":{"line":138,"column":22}},"96":{"start":{"line":140,"column":6},"end":{"line":140,"column":22}}},"fnMap":{"0":{"name":"(anonymous_0)","decl":{"start":{"line":6,"column":27},"end":{"line":6,"column":28}},"loc":{"start":{"line":6,"column":85},"end":{"line":24,"column":1}},"line":6},"1":{"name":"(anonymous_1)","decl":{"start":{"line":26,"column":30},"end":{"line":26,"column":31}},"loc":{"start":{"line":26,"column":62},"end":{"line":43,"column":1}},"line":26},"2":{"name":"(anonymous_2)","decl":{"start":{"line":45,"column":26},"end":{"line":45,"column":27}},"loc":{"start":{"line":45,"column":32},"end":{"line":55,"column":1}},"line":45},"3":{"name":"(anonymous_3)","decl":{"start":{"line":48,"column":37},"end":{"line":48,"column":38}},"loc":{"start":{"line":48,"column":43},"end":{"line":54,"column":3}},"line":48},"4":{"name":"(anonymous_4)","decl":{"start":{"line":57,"column":26},"end":{"line":57,"column":27}},"loc":{"start":{"line":57,"column":32},"end":{"line":67,"column":1}},"line":57},"5":{"name":"(anonymous_5)","decl":{"start":{"line":60,"column":37},"end":{"line":60,"column":38}},"loc":{"start":{"line":60,"column":43},"end":{"line":66,"column":3}},"line":60},"6":{"name":"createPokemonCard","decl":{"start":{"line":69,"column":16},"end":{"line":69,"column":33}},"loc":{"start":{"line":69,"column":67},"end":{"line":77,"column":1}},"line":69},"7":{"name":"(anonymous_7)","decl":{"start":{"line":79,"column":73},"end":{"line":79,"column":74}},"loc":{"start":{"line":79,"column":79},"end":{"line":91,"column":1}},"line":79},"8":{"name":"(anonymous_8)","decl":{"start":{"line":81,"column":49},"end":{"line":81,"column":50}},"loc":{"start":{"line":81,"column":56},"end":{"line":90,"column":3}},"line":81},"9":{"name":"(anonymous_9)","decl":{"start":{"line":93,"column":34},"end":{"line":93,"column":35}},"loc":{"start":{"line":93,"column":78},"end":{"line":106,"column":1}},"line":93},"10":{"name":"(anonymous_10)","decl":{"start":{"line":108,"column":31},"end":{"line":108,"column":32}},"loc":{"start":{"line":108,"column":55},"end":{"line":124,"column":1}},"line":108},"11":{"name":"(anonymous_11)","decl":{"start":{"line":126,"column":24},"end":{"line":126,"column":25}},"loc":{"start":{"line":126,"column":35},"end":{"line":128,"column":1}},"line":126},"12":{"name":"(anonymous_12)","decl":{"start":{"line":132,"column":31},"end":{"line":132,"column":32}},"loc":{"start":{"line":132,"column":37},"end":{"line":143,"column":1}},"line":132},"13":{"name":"(anonymous_13)","decl":{"start":{"line":133,"column":43},"end":{"line":133,"column":44}},"loc":{"start":{"line":133,"column":56},"end":{"line":142,"column":3}},"line":133}},"branchMap":{"0":{"loc":{"start":{"line":50,"column":4},"end":{"line":52,"column":5}},"type":"if","locations":[{"start":{"line":50,"column":4},"end":{"line":52,"column":5}},{"start":{"line":50,"column":4},"end":{"line":52,"column":5}}],"line":50},"1":{"loc":{"start":{"line":62,"column":4},"end":{"line":64,"column":5}},"type":"if","locations":[{"start":{"line":62,"column":4},"end":{"line":64,"column":5}},{"start":{"line":62,"column":4},"end":{"line":64,"column":5}}],"line":62},"2":{"loc":{"start":{"line":83,"column":4},"end":{"line":89,"column":5}},"type":"if","locations":[{"start":{"line":83,"column":4},"end":{"line":89,"column":5}},{"start":{"line":83,"column":4},"end":{"line":89,"column":5}}],"line":83},"3":{"loc":{"start":{"line":86,"column":11},"end":{"line":89,"column":5}},"type":"if","locations":[{"start":{"line":86,"column":11},"end":{"line":89,"column":5}},{"start":{"line":86,"column":11},"end":{"line":89,"column":5}}],"line":86},"4":{"loc":{"start":{"line":136,"column":4},"end":{"line":141,"column":5}},"type":"if","locations":[{"start":{"line":136,"column":4},"end":{"line":141,"column":5}},{"start":{"line":136,"column":4},"end":{"line":141,"column":5}}],"line":136}},"s":{"0":1,"1":1,"2":1,"3":1,"4":1,"5":1,"6":1,"7":1,"8":1,"9":1,"10":1,"11":1,"12":1,"13":1,"14":1,"15":1,"16":1,"17":1,"18":1,"19":1,"20":1,"21":1,"22":1,"23":1,"24":1,"25":1,"26":1,"27":1,"28":1,"29":1,"30":1,"31":1,"32":1,"33":0,"34":0,"35":0,"36":0,"37":0,"38":0,"39":1,"40":0,"41":0,"42":0,"43":0,"44":0,"45":0,"46":1,"47":1,"48":1,"49":1,"50":1,"51":1,"52":1,"53":1,"54":0,"55":0,"56":0,"57":0,"58":0,"59":0,"60":0,"61":0,"62":0,"63":1,"64":0,"65":0,"66":0,"67":0,"68":0,"69":0,"70":0,"71":1,"72":0,"73":0,"74":0,"75":0,"76":0,"77":0,"78":0,"79":0,"80":0,"81":0,"82":0,"83":0,"84":0,"85":0,"86":1,"87":0,"88":1,"89":1,"90":0,"91":0,"92":0,"93":0,"94":0,"95":0,"96":0},"f":{"0":1,"1":1,"2":0,"3":0,"4":0,"5":0,"6":1,"7":0,"8":0,"9":0,"10":0,"11":0,"12":0,"13":0},"b":{"0":[0,0],"1":[0,0],"2":[0,0],"3":[0,0],"4":[0,0]},"_coverageSchema":"1a1c01bbd47fc00a2c39e90264f33305004495a9","hash":"908db6e6236e413759a76fdd3b191003117eea4a"}
}
